<?xml version="1.0" encoding="UTF-8" standalone="yes"?><!DOCTYPE report PUBLIC "-//JACOCO//DTD Report 1.1//EN" "report.dtd"><report name="Testare-Si-Verificare"><sessioninfo id="LAPTOP-MTUK2T56-45166204" start="1679860662085" dump="1679860663068"/><package name=""><class name="MainMutant3" sourcefilename="MainMutant3.java"><method name="&lt;init&gt;" desc="()V" line="3"><counter type="INSTRUCTION" missed="3" covered="0"/><counter type="LINE" missed="1" covered="0"/><counter type="COMPLEXITY" missed="1" covered="0"/><counter type="METHOD" missed="1" covered="0"/></method><method name="isNumberInvalid" desc="(I)Z" line="21"><counter type="INSTRUCTION" missed="0" covered="10"/><counter type="BRANCH" missed="1" covered="3"/><counter type="LINE" missed="0" covered="1"/><counter type="COMPLEXITY" missed="1" covered="2"/><counter type="METHOD" missed="0" covered="1"/></method><method name="computeSumOfDigits" desc="(I)I" line="25"><counter type="INSTRUCTION" missed="0" covered="21"/><counter type="BRANCH" missed="0" covered="2"/><counter type="LINE" missed="0" covered="6"/><counter type="COMPLEXITY" missed="0" covered="2"/><counter type="METHOD" missed="0" covered="1"/></method><method name="getGreatestCommonDivisor" desc="(II)I" line="35"><counter type="INSTRUCTION" missed="0" covered="18"/><counter type="BRANCH" missed="0" covered="4"/><counter type="LINE" missed="0" covered="5"/><counter type="COMPLEXITY" missed="0" covered="3"/><counter type="METHOD" missed="0" covered="1"/></method><method name="areNumbersCoPrime" desc="(II)Z" line="46"><counter type="INSTRUCTION" missed="1" covered="8"/><counter type="BRANCH" missed="1" covered="1"/><counter type="LINE" missed="0" covered="1"/><counter type="COMPLEXITY" missed="1" covered="1"/><counter type="METHOD" missed="0" covered="1"/></method><method name="calculate" desc="(III)[Ljava/lang/String;" line="50"><counter type="INSTRUCTION" missed="40" covered="72"/><counter type="BRANCH" missed="2" covered="8"/><counter type="LINE" missed="3" covered="9"/><counter type="COMPLEXITY" missed="2" covered="4"/><counter type="METHOD" missed="0" covered="1"/></method><method name="main" desc="([Ljava/lang/String;)V" line="73"><counter type="INSTRUCTION" missed="50" covered="0"/><counter type="LINE" missed="6" covered="0"/><counter type="COMPLEXITY" missed="1" covered="0"/><counter type="METHOD" missed="1" covered="0"/></method><counter type="INSTRUCTION" missed="94" covered="129"/><counter type="BRANCH" missed="4" covered="18"/><counter type="LINE" missed="10" covered="22"/><counter type="COMPLEXITY" missed="6" covered="12"/><counter type="METHOD" missed="2" covered="5"/><counter type="CLASS" missed="0" covered="1"/></class><class name="MainMutant2" sourcefilename="MainMutant2.java"><method name="&lt;init&gt;" desc="()V" line="3"><counter type="INSTRUCTION" missed="3" covered="0"/><counter type="LINE" missed="1" covered="0"/><counter type="COMPLEXITY" missed="1" covered="0"/><counter type="METHOD" missed="1" covered="0"/></method><method name="isNumberInvalid" desc="(I)Z" line="21"><counter type="INSTRUCTION" missed="0" covered="10"/><counter type="BRANCH" missed="0" covered="4"/><counter type="LINE" missed="0" covered="1"/><counter type="COMPLEXITY" missed="0" covered="3"/><counter type="METHOD" missed="0" covered="1"/></method><method name="computeSumOfDigits" desc="(I)I" line="25"><counter type="INSTRUCTION" missed="0" covered="21"/><counter type="BRANCH" missed="0" covered="2"/><counter type="LINE" missed="0" covered="6"/><counter type="COMPLEXITY" missed="0" covered="2"/><counter type="METHOD" missed="0" covered="1"/></method><method name="getGreatestCommonDivisor" desc="(II)I" line="35"><counter type="INSTRUCTION" missed="0" covered="18"/><counter type="BRANCH" missed="0" covered="4"/><counter type="LINE" missed="0" covered="5"/><counter type="COMPLEXITY" missed="0" covered="3"/><counter type="METHOD" missed="0" covered="1"/></method><method name="areNumbersCoPrime" desc="(II)Z" line="46"><counter type="INSTRUCTION" missed="0" covered="9"/><counter type="BRANCH" missed="0" covered="2"/><counter type="LINE" missed="0" covered="1"/><counter type="COMPLEXITY" missed="0" covered="2"/><counter type="METHOD" missed="0" covered="1"/></method><method name="calculate" desc="(III)[Ljava/lang/String;" line="50"><counter type="INSTRUCTION" missed="0" covered="114"/><counter type="BRANCH" missed="0" covered="10"/><counter type="LINE" missed="0" covered="12"/><counter type="COMPLEXITY" missed="0" covered="6"/><counter type="METHOD" missed="0" covered="1"/></method><method name="main" desc="([Ljava/lang/String;)V" line="73"><counter type="INSTRUCTION" missed="50" covered="0"/><counter type="LINE" missed="6" covered="0"/><counter type="COMPLEXITY" missed="1" covered="0"/><counter type="METHOD" missed="1" covered="0"/></method><counter type="INSTRUCTION" missed="53" covered="172"/><counter type="BRANCH" missed="0" covered="22"/><counter type="LINE" missed="7" covered="25"/><counter type="COMPLEXITY" missed="2" covered="16"/><counter type="METHOD" missed="2" covered="5"/><counter type="CLASS" missed="0" covered="1"/></class><class name="MainMutant1" sourcefilename="MainMutant1.java"><method name="&lt;init&gt;" desc="()V" line="3"><counter type="INSTRUCTION" missed="3" covered="0"/><counter type="LINE" missed="1" covered="0"/><counter type="COMPLEXITY" missed="1" covered="0"/><counter type="METHOD" missed="1" covered="0"/></method><method name="isNumberInvalid" desc="(I)Z" line="21"><counter type="INSTRUCTION" missed="0" covered="10"/><counter type="BRANCH" missed="0" covered="4"/><counter type="LINE" missed="0" covered="1"/><counter type="COMPLEXITY" missed="0" covered="3"/><counter type="METHOD" missed="0" covered="1"/></method><method name="computeSumOfDigits" desc="(I)I" line="25"><counter type="INSTRUCTION" missed="0" covered="21"/><counter type="BRANCH" missed="0" covered="2"/><counter type="LINE" missed="0" covered="6"/><counter type="COMPLEXITY" missed="0" covered="2"/><counter type="METHOD" missed="0" covered="1"/></method><method name="getGreatestCommonDivisor" desc="(II)I" line="35"><counter type="INSTRUCTION" missed="0" covered="18"/><counter type="BRANCH" missed="0" covered="4"/><counter type="LINE" missed="0" covered="5"/><counter type="COMPLEXITY" missed="0" covered="3"/><counter type="METHOD" missed="0" covered="1"/></method><method name="areNumbersCoPrime" desc="(II)Z" line="46"><counter type="INSTRUCTION" missed="0" covered="9"/><counter type="BRANCH" missed="0" covered="2"/><counter type="LINE" missed="0" covered="1"/><counter type="COMPLEXITY" missed="0" covered="2"/><counter type="METHOD" missed="0" covered="1"/></method><method name="calculate" desc="(III)[Ljava/lang/String;" line="50"><counter type="INSTRUCTION" missed="0" covered="120"/><counter type="BRANCH" missed="0" covered="10"/><counter type="LINE" missed="0" covered="12"/><counter type="COMPLEXITY" missed="0" covered="6"/><counter type="METHOD" missed="0" covered="1"/></method><method name="main" desc="([Ljava/lang/String;)V" line="73"><counter type="INSTRUCTION" missed="50" covered="0"/><counter type="LINE" missed="6" covered="0"/><counter type="COMPLEXITY" missed="1" covered="0"/><counter type="METHOD" missed="1" covered="0"/></method><counter type="INSTRUCTION" missed="53" covered="178"/><counter type="BRANCH" missed="0" covered="22"/><counter type="LINE" missed="7" covered="25"/><counter type="COMPLEXITY" missed="2" covered="16"/><counter type="METHOD" missed="2" covered="5"/><counter type="CLASS" missed="0" covered="1"/></class><class name="Main" sourcefilename="Main.java"><method name="&lt;init&gt;" desc="()V" line="3"><counter type="INSTRUCTION" missed="3" covered="0"/><counter type="LINE" missed="1" covered="0"/><counter type="COMPLEXITY" missed="1" covered="0"/><counter type="METHOD" missed="1" covered="0"/></method><method name="isNumberInvalid" desc="(I)Z" line="21"><counter type="INSTRUCTION" missed="0" covered="10"/><counter type="BRANCH" missed="0" covered="4"/><counter type="LINE" missed="0" covered="1"/><counter type="COMPLEXITY" missed="0" covered="3"/><counter type="METHOD" missed="0" covered="1"/></method><method name="computeSumOfDigits" desc="(I)I" line="25"><counter type="INSTRUCTION" missed="0" covered="21"/><counter type="BRANCH" missed="0" covered="2"/><counter type="LINE" missed="0" covered="6"/><counter type="COMPLEXITY" missed="0" covered="2"/><counter type="METHOD" missed="0" covered="1"/></method><method name="getGreatestCommonDivisor" desc="(II)I" line="35"><counter type="INSTRUCTION" missed="0" covered="18"/><counter type="BRANCH" missed="0" covered="4"/><counter type="LINE" missed="0" covered="5"/><counter type="COMPLEXITY" missed="0" covered="3"/><counter type="METHOD" missed="0" covered="1"/></method><method name="areNumbersCoPrime" desc="(II)Z" line="46"><counter type="INSTRUCTION" missed="0" covered="9"/><counter type="BRANCH" missed="0" covered="2"/><counter type="LINE" missed="0" covered="1"/><counter type="COMPLEXITY" missed="0" covered="2"/><counter type="METHOD" missed="0" covered="1"/></method><method name="calculate" desc="(III)[Ljava/lang/String;" line="50"><counter type="INSTRUCTION" missed="0" covered="112"/><counter type="BRANCH" missed="0" covered="10"/><counter type="LINE" missed="0" covered="12"/><counter type="COMPLEXITY" missed="0" covered="6"/><counter type="METHOD" missed="0" covered="1"/></method><method name="main" desc="([Ljava/lang/String;)V" line="73"><counter type="INSTRUCTION" missed="50" covered="0"/><counter type="LINE" missed="6" covered="0"/><counter type="COMPLEXITY" missed="1" covered="0"/><counter type="METHOD" missed="1" covered="0"/></method><counter type="INSTRUCTION" missed="53" covered="170"/><counter type="BRANCH" missed="0" covered="22"/><counter type="LINE" missed="7" covered="25"/><counter type="COMPLEXITY" missed="2" covered="16"/><counter type="METHOD" missed="2" covered="5"/><counter type="CLASS" missed="0" covered="1"/></class><sourcefile name="MainMutant2.java"><line nr="3" mi="3" ci="0" mb="0" cb="0"/><line nr="21" mi="0" ci="10" mb="0" cb="4"/><line nr="25" mi="0" ci="4" mb="0" cb="0"/><line nr="26" mi="0" ci="2" mb="0" cb="2"/><line nr="27" mi="0" ci="4" mb="0" cb="0"/><line nr="28" mi="0" ci="4" mb="0" cb="0"/><line nr="29" mi="0" ci="5" mb="0" cb="0"/><line nr="31" mi="0" ci="2" mb="0" cb="0"/><line nr="35" mi="0" ci="3" mb="0" cb="2"/><line nr="36" mi="0" ci="3" mb="0" cb="2"/><line nr="37" mi="0" ci="5" mb="0" cb="0"/><line nr="39" mi="0" ci="5" mb="0" cb="0"/><line nr="42" mi="0" ci="2" mb="0" cb="0"/><line nr="46" mi="0" ci="9" mb="0" cb="2"/><line nr="50" mi="0" ci="9" mb="0" cb="6"/><line nr="51" mi="0" ci="7" mb="0" cb="0"/><line nr="53" mi="0" ci="3" mb="0" cb="0"/><line nr="55" mi="0" ci="6" mb="0" cb="2"/><line nr="56" mi="0" ci="18" mb="0" cb="0"/><line nr="58" mi="0" ci="17" mb="0" cb="0"/><line nr="61" mi="0" ci="7" mb="0" cb="2"/><line nr="62" mi="0" ci="11" mb="0" cb="0"/><line nr="63" mi="0" ci="12" mb="0" cb="0"/><line nr="65" mi="0" ci="10" mb="0" cb="0"/><line nr="66" mi="0" ci="12" mb="0" cb="0"/><line nr="69" mi="0" ci="2" mb="0" cb="0"/><line nr="73" mi="5" ci="0" mb="0" cb="0"/><line nr="74" mi="9" ci="0" mb="0" cb="0"/><line nr="75" mi="2" ci="0" mb="0" cb="0"/><line nr="77" mi="21" ci="0" mb="0" cb="0"/><line nr="78" mi="12" ci="0" mb="0" cb="0"/><line nr="79" mi="1" ci="0" mb="0" cb="0"/><counter type="INSTRUCTION" missed="53" covered="172"/><counter type="BRANCH" missed="0" covered="22"/><counter type="LINE" missed="7" covered="25"/><counter type="COMPLEXITY" missed="2" covered="16"/><counter type="METHOD" missed="2" covered="5"/><counter type="CLASS" missed="0" covered="1"/></sourcefile><sourcefile name="MainMutant3.java"><line nr="3" mi="3" ci="0" mb="0" cb="0"/><line nr="21" mi="0" ci="10" mb="1" cb="3"/><line nr="25" mi="0" ci="4" mb="0" cb="0"/><line nr="26" mi="0" ci="2" mb="0" cb="2"/><line nr="27" mi="0" ci="4" mb="0" cb="0"/><line nr="28" mi="0" ci="4" mb="0" cb="0"/><line nr="29" mi="0" ci="5" mb="0" cb="0"/><line nr="31" mi="0" ci="2" mb="0" cb="0"/><line nr="35" mi="0" ci="3" mb="0" cb="2"/><line nr="36" mi="0" ci="3" mb="0" cb="2"/><line nr="37" mi="0" ci="5" mb="0" cb="0"/><line nr="39" mi="0" ci="5" mb="0" cb="0"/><line nr="42" mi="0" ci="2" mb="0" cb="0"/><line nr="46" mi="1" ci="8" mb="1" cb="1"/><line nr="50" mi="0" ci="9" mb="0" cb="6"/><line nr="51" mi="0" ci="7" mb="0" cb="0"/><line nr="53" mi="0" ci="3" mb="0" cb="0"/><line nr="55" mi="0" ci="4" mb="1" cb="1"/><line nr="56" mi="0" ci="18" mb="0" cb="0"/><line nr="58" mi="17" ci="0" mb="0" cb="0"/><line nr="61" mi="0" ci="7" mb="1" cb="1"/><line nr="62" mi="11" ci="0" mb="0" cb="0"/><line nr="63" mi="12" ci="0" mb="0" cb="0"/><line nr="65" mi="0" ci="10" mb="0" cb="0"/><line nr="66" mi="0" ci="12" mb="0" cb="0"/><line nr="69" mi="0" ci="2" mb="0" cb="0"/><line nr="73" mi="5" ci="0" mb="0" cb="0"/><line nr="74" mi="9" ci="0" mb="0" cb="0"/><line nr="75" mi="2" ci="0" mb="0" cb="0"/><line nr="77" mi="21" ci="0" mb="0" cb="0"/><line nr="78" mi="12" ci="0" mb="0" cb="0"/><line nr="79" mi="1" ci="0" mb="0" cb="0"/><counter type="INSTRUCTION" missed="94" covered="129"/><counter type="BRANCH" missed="4" covered="18"/><counter type="LINE" missed="10" covered="22"/><counter type="COMPLEXITY" missed="6" covered="12"/><counter type="METHOD" missed="2" covered="5"/><counter type="CLASS" missed="0" covered="1"/></sourcefile><sourcefile name="Main.java"><line nr="3" mi="3" ci="0" mb="0" cb="0"/><line nr="21" mi="0" ci="10" mb="0" cb="4"/><line nr="25" mi="0" ci="4" mb="0" cb="0"/><line nr="26" mi="0" ci="2" mb="0" cb="2"/><line nr="27" mi="0" ci="4" mb="0" cb="0"/><line nr="28" mi="0" ci="4" mb="0" cb="0"/><line nr="29" mi="0" ci="5" mb="0" cb="0"/><line nr="31" mi="0" ci="2" mb="0" cb="0"/><line nr="35" mi="0" ci="3" mb="0" cb="2"/><line nr="36" mi="0" ci="3" mb="0" cb="2"/><line nr="37" mi="0" ci="5" mb="0" cb="0"/><line nr="39" mi="0" ci="5" mb="0" cb="0"/><line nr="42" mi="0" ci="2" mb="0" cb="0"/><line nr="46" mi="0" ci="9" mb="0" cb="2"/><line nr="50" mi="0" ci="9" mb="0" cb="6"/><line nr="51" mi="0" ci="7" mb="0" cb="0"/><line nr="53" mi="0" ci="3" mb="0" cb="0"/><line nr="55" mi="0" ci="4" mb="0" cb="2"/><line nr="56" mi="0" ci="18" mb="0" cb="0"/><line nr="58" mi="0" ci="17" mb="0" cb="0"/><line nr="61" mi="0" ci="7" mb="0" cb="2"/><line nr="62" mi="0" ci="11" mb="0" cb="0"/><line nr="63" mi="0" ci="12" mb="0" cb="0"/><line nr="65" mi="0" ci="10" mb="0" cb="0"/><line nr="66" mi="0" ci="12" mb="0" cb="0"/><line nr="69" mi="0" ci="2" mb="0" cb="0"/><line nr="73" mi="5" ci="0" mb="0" cb="0"/><line nr="74" mi="9" ci="0" mb="0" cb="0"/><line nr="75" mi="2" ci="0" mb="0" cb="0"/><line nr="77" mi="21" ci="0" mb="0" cb="0"/><line nr="78" mi="12" ci="0" mb="0" cb="0"/><line nr="79" mi="1" ci="0" mb="0" cb="0"/><counter type="INSTRUCTION" missed="53" covered="170"/><counter type="BRANCH" missed="0" covered="22"/><counter type="LINE" missed="7" covered="25"/><counter type="COMPLEXITY" missed="2" covered="16"/><counter type="METHOD" missed="2" covered="5"/><counter type="CLASS" missed="0" covered="1"/></sourcefile><sourcefile name="MainMutant1.java"><line nr="3" mi="3" ci="0" mb="0" cb="0"/><line nr="21" mi="0" ci="10" mb="0" cb="4"/><line nr="25" mi="0" ci="4" mb="0" cb="0"/><line nr="26" mi="0" ci="2" mb="0" cb="2"/><line nr="27" mi="0" ci="4" mb="0" cb="0"/><line nr="28" mi="0" ci="4" mb="0" cb="0"/><line nr="29" mi="0" ci="5" mb="0" cb="0"/><line nr="31" mi="0" ci="2" mb="0" cb="0"/><line nr="35" mi="0" ci="3" mb="0" cb="2"/><line nr="36" mi="0" ci="3" mb="0" cb="2"/><line nr="37" mi="0" ci="5" mb="0" cb="0"/><line nr="39" mi="0" ci="5" mb="0" cb="0"/><line nr="42" mi="0" ci="2" mb="0" cb="0"/><line nr="46" mi="0" ci="9" mb="0" cb="2"/><line nr="50" mi="0" ci="9" mb="0" cb="6"/><line nr="51" mi="0" ci="7" mb="0" cb="0"/><line nr="53" mi="0" ci="11" mb="0" cb="0"/><line nr="55" mi="0" ci="4" mb="0" cb="2"/><line nr="56" mi="0" ci="18" mb="0" cb="0"/><line nr="58" mi="0" ci="17" mb="0" cb="0"/><line nr="61" mi="0" ci="7" mb="0" cb="2"/><line nr="62" mi="0" ci="11" mb="0" cb="0"/><line nr="63" mi="0" ci="12" mb="0" cb="0"/><line nr="65" mi="0" ci="10" mb="0" cb="0"/><line nr="66" mi="0" ci="12" mb="0" cb="0"/><line nr="69" mi="0" ci="2" mb="0" cb="0"/><line nr="73" mi="5" ci="0" mb="0" cb="0"/><line nr="74" mi="9" ci="0" mb="0" cb="0"/><line nr="75" mi="2" ci="0" mb="0" cb="0"/><line nr="77" mi="21" ci="0" mb="0" cb="0"/><line nr="78" mi="12" ci="0" mb="0" cb="0"/><line nr="79" mi="1" ci="0" mb="0" cb="0"/><counter type="INSTRUCTION" missed="53" covered="178"/><counter type="BRANCH" missed="0" covered="22"/><counter type="LINE" missed="7" covered="25"/><counter type="COMPLEXITY" missed="2" covered="16"/><counter type="METHOD" missed="2" covered="5"/><counter type="CLASS" missed="0" covered="1"/></sourcefile><counter type="INSTRUCTION" missed="253" covered="649"/><counter type="BRANCH" missed="4" covered="84"/><counter type="LINE" missed="31" covered="97"/><counter type="COMPLEXITY" missed="12" covered="60"/><counter type="METHOD" missed="8" covered="20"/><counter type="CLASS" missed="0" covered="4"/></package><counter type="INSTRUCTION" missed="253" covered="649"/><counter type="BRANCH" missed="4" covered="84"/><counter type="LINE" missed="31" covered="97"/><counter type="COMPLEXITY" missed="12" covered="60"/><counter type="METHOD" missed="8" covered="20"/><counter type="CLASS" missed="0" covered="4"/></report>